<?xml version="1.0" encoding="UTF-8"?>
<!-- Generated by org.testng.reporters.JUnitReportReporter -->
<testsuite skipped="6" hostname="DESKTOP-DOM78LG" name="com.java.test.LoginTest" tests="7" failures="0" timestamp="02 Mar 2020 17:44:14 GMT" time="14.145" errors="0">
  <testcase name="loginSuccessTest" time="14.145" classname="com.java.test.LoginTest"/>
  <testcase name="explicitWaitTest" classname="com.java.test.LoginTest">
    <skipped/>
  </testcase> <!-- explicitWaitTest -->
  <testcase name="loginFailureTest" classname="com.java.test.LoginTest">
    <skipped/>
  </testcase> <!-- loginFailureTest -->
  <testcase name="explicitWaitAlertTest" classname="com.java.test.LoginTest">
    <skipped/>
  </testcase> <!-- explicitWaitAlertTest -->
  <testcase name="infiniteScrollTest" classname="com.java.test.LoginTest">
    <skipped/>
  </testcase> <!-- infiniteScrollTest -->
  <testcase name="iframeTest" classname="com.java.test.LoginTest">
    <skipped/>
  </testcase> <!-- iframeTest -->
  <testcase name="newWindowTest" classname="com.java.test.LoginTest">
    <skipped/>
  </testcase> <!-- newWindowTest -->
</testsuite> <!-- com.java.test.LoginTest -->
